[8194:247019:0523/215123.922308:INFO:components/enterprise/browser/controller/chrome_browser_cloud_management_controller.cc:202] No machine level policy manager exists.
[8194:247019:0523/215134.665961:WARNING:components/download/internal/background_service/controller_impl.cc:1187] Background download complete, client: 6, completion type: 0, file size:5156
[8194:247019:0523/215134.814711:WARNING:components/download/internal/background_service/controller_impl.cc:1187] Background download complete, client: 6, completion type: 0, file size:265059
[8194:247019:0523/215135.266412:WARNING:components/download/internal/background_service/controller_impl.cc:1187] Background download complete, client: 6, completion type: 0, file size:883094
[8194:247019:0523/215135.431304:WARNING:components/download/internal/background_service/controller_impl.cc:1187] Background download complete, client: 6, completion type: 0, file size:2200227
[8194:247019:0523/215135.615042:WARNING:components/download/internal/background_service/controller_impl.cc:1187] Background download complete, client: 6, completion type: 0, file size:45157
[8194:247019:0523/215135.866557:WARNING:components/download/internal/background_service/controller_impl.cc:1187] Background download complete, client: 6, completion type: 0, file size:2992963
[8194:247019:0523/215136.078392:WARNING:components/download/internal/background_service/controller_impl.cc:1187] Background download complete, client: 6, completion type: 0, file size:4680
[8194:247019:0523/215136.264602:WARNING:components/download/internal/background_service/controller_impl.cc:1187] Background download complete, client: 6, completion type: 0, file size:2747169
[8194:247019:0523/215136.515693:WARNING:components/download/internal/background_service/controller_impl.cc:1187] Background download complete, client: 6, completion type: 0, file size:118577
[8194:247019:0523/215140.762954:INFO:CONSOLE:0] "[DOM] Input elements should have autocomplete attributes (suggested: "current-password"): (More info: https://goo.gl/9p2vKq) %o", source: https://accounts.google.com/v3/signin/identifier?continue=https://accounts.google.com/signin/chrome/sync/finish?est%3DABhSNjkUeHIeMOHBsqXXy0YvTCdJ3DTF5vdVg5GYHDV5CxUI5pglnUN_dpCgGGeKQJSW63rz5xwxtErIcxFf2Q%26continue%3Dhttps://www.google.com/&dsh=S-569018079:1748047900098357&ffgf=1&ssp=1&flowName=GlifDesktopChromeSync (0)
[8194:247019:0523/215140.774756:INFO:CONSOLE:439] "%c%s color: red; background: yellow; font-size: 24px; WARNING!", source: https://www.gstatic.com/_/mss/boq-identity/_/js/k=boq-identity.AccountsSignInUi.en_US.oby1ref_Rvk.es5.O/am=GQcAxkpHpiEQEDIPcUDpB86HcXoAAAAAAAAAAGALAABgHgAQ/d=1/excm=_b,_tp,identifierview/ed=1/dg=0/wt=2/ujg=1/rs=AOaEmlHgSCrCGQH2ofiU1rd-LXgBIJ71Cw/m=_b,_tp (439)
[8194:247019:0523/215140.774884:INFO:CONSOLE:439] "%c%s font-size: 18px; Using this console may allow attackers to impersonate you and steal your information using an attack called Self-XSS.
Do not enter or paste code that you do not understand.", source: https://www.gstatic.com/_/mss/boq-identity/_/js/k=boq-identity.AccountsSignInUi.en_US.oby1ref_Rvk.es5.O/am=GQcAxkpHpiEQEDIPcUDpB86HcXoAAAAAAAAAAGALAABgHgAQ/d=1/excm=_b,_tp,identifierview/ed=1/dg=0/wt=2/ujg=1/rs=AOaEmlHgSCrCGQH2ofiU1rd-LXgBIJ71Cw/m=_b,_tp (439)
[8194:247019:0523/215141.160055:WARNING:services/device/public/cpp/hid/hid_collection.cc:240] encountered report item with invalid report size (64>32)
[8194:247019:0523/215141.160336:WARNING:services/device/public/cpp/hid/hid_collection.cc:240] encountered report item with invalid report size (64>32)
[8194:247019:0523/215141.160355:WARNING:services/device/public/cpp/hid/hid_collection.cc:240] encountered report item with invalid report size (64>32)
[8194:247019:0523/215141.806287:WARNING:chrome/browser/media/prefs/capture_device_ranking.h:255] Can't initialize the value of media.audio_input.user_preference_ranking because media.default_audio_capture_device isn't registered or is empty
[8194:247019:0523/215141.806354:WARNING:chrome/browser/media/prefs/capture_device_ranking.h:255] Can't initialize the value of media.video_input.user_preference_ranking because media.default_video_capture_Device isn't registered or is empty
[8194:247019:0523/215148.275231:ERROR:chrome/browser/ui/webui/new_tab_page/new_tab_page_handler.cc:1353] NewTabPage loaded into a non-browser-tab context
